2025-09-16 16:13:15 INFO  utils.LogUtil - Extent Report initialized: D:\JG_PROJ\orange_hrm\reports\ExecutionReport_20250916_161314.html
2025-09-16 16:13:21 INFO  utils.LogUtil - Browser launched: chrome
2025-09-16 16:13:21 INFO  utils.LogUtil - URL launched: https://opensource-demo.orangehrmlive.com/web/index.php/auth/login
2025-09-16 16:13:21 INFO  utils.LogUtil - WebDriver initialized in BasePage
2025-09-16 16:13:21 INFO  utils.LogUtil - LoginPage initialized
2025-09-16 16:13:22 INFO  utils.LogUtil - Typed 'admin' into: By.name: username
2025-09-16 16:13:22 INFO  utils.LogUtil - Typed 'admin123' into: By.name: password
2025-09-16 16:13:22 INFO  utils.LogUtil - Clicked element: By.xpath: //button[@type='submit']
2025-09-16 16:13:24 INFO  utils.LogUtil - Expected URL: https://opensource-demo.orangehrmlive.com/web/index.php/dashboard/index | Actual URL: https://opensource-demo.orangehrmlive.com/web/index.php/dashboard/index
2025-09-16 16:13:27 INFO  utils.LogUtil - PASSED: login
2025-09-16 16:13:27 INFO  utils.LogUtil - Browser closed for test: login
2025-09-16 16:13:32 INFO  utils.LogUtil - Browser launched: chrome
2025-09-16 16:13:32 INFO  utils.LogUtil - URL launched: https://opensource-demo.orangehrmlive.com/web/index.php/auth/login
2025-09-16 16:13:32 INFO  utils.LogUtil - WebDriver initialized in BasePage
2025-09-16 16:13:32 INFO  utils.LogUtil - LoginPage initialized
2025-09-16 16:13:33 INFO  utils.LogUtil - Typed 'admin' into: By.name: username
2025-09-16 16:13:34 INFO  utils.LogUtil - Typed 'admin' into: By.name: password
2025-09-16 16:13:34 INFO  utils.LogUtil - Clicked element: By.xpath: //button[@type='submit']
2025-09-16 16:13:44 ERROR utils.LogUtil - FAILED: login
org.openqa.selenium.TimeoutException: Expected condition failed: waiting for url to be "https://opensource-demo.orangehrmlive.com/web/index.php/dashboard/index". Current url: "https://opensource-demo.orangehrmlive.com/web/index.php/auth/login" (tried for 10 second(s) with 500 milliseconds interval)
Build info: version: '4.33.0', revision: '2c6aaad03a'
System info: os.name: 'Windows 11', os.arch: 'amd64', os.version: '10.0', java.version: '17.0.5'
Driver info: org.openqa.selenium.chrome.ChromeDriver
Capabilities {acceptInsecureCerts: false, browserName: chrome, browserVersion: 140.0.7339.81, chrome: {chromedriverVersion: 140.0.7339.82 (bc93617e21c3..., userDataDir: C:\Users\12382\AppData\Loca...}, fedcm:accounts: true, goog:chromeOptions: {debuggerAddress: localhost:58141}, networkConnectionEnabled: false, pageLoadStrategy: normal, platformName: windows, proxy: Proxy(), se:cdp: ws://localhost:58141/devtoo..., se:cdpVersion: 140.0.7339.81, setWindowRect: true, strictFileInteractability: false, timeouts: {implicit: 0, pageLoad: 300000, script: 30000}, unhandledPromptBehavior: dismiss and notify, webauthn:extension:credBlob: true, webauthn:extension:largeBlob: true, webauthn:extension:minPinLength: true, webauthn:extension:prf: true, webauthn:virtualAuthenticators: true}
Session ID: 0483e7c58d99ac70269e3feabda0fc3b
	at org.openqa.selenium.support.ui.WebDriverWait.timeoutException(WebDriverWait.java:84) ~[selenium-support-4.33.0.jar:?]
	at org.openqa.selenium.support.ui.FluentWait.until(FluentWait.java:228) ~[selenium-support-4.33.0.jar:?]
	at com.orangehrm.pages.BasePage.getCurrentUrlAfterWait(BasePage.java:66) ~[classes/:?]
	at org.orangehrm.tests.LoginTest.login(LoginTest.java:38) ~[test-classes/:?]
	at java.base/jdk.internal.reflect.NativeMethodAccessorImpl.invoke0(Native Method) ~[?:?]
	at java.base/jdk.internal.reflect.NativeMethodAccessorImpl.invoke(NativeMethodAccessorImpl.java:77) ~[?:?]
	at java.base/jdk.internal.reflect.DelegatingMethodAccessorImpl.invoke(DelegatingMethodAccessorImpl.java:43) ~[?:?]
	at java.base/java.lang.reflect.Method.invoke(Method.java:568) ~[?:?]
	at org.testng.internal.invokers.MethodInvocationHelper.invokeMethod(MethodInvocationHelper.java:141) ~[testng-7.10.2.jar:7.10.2]
	at org.testng.internal.invokers.TestInvoker.invokeMethod(TestInvoker.java:686) ~[testng-7.10.2.jar:7.10.2]
	at org.testng.internal.invokers.TestInvoker.invokeTestMethod(TestInvoker.java:230) ~[testng-7.10.2.jar:7.10.2]
	at org.testng.internal.invokers.MethodRunner.runInSequence(MethodRunner.java:63) ~[testng-7.10.2.jar:7.10.2]
	at org.testng.internal.invokers.TestInvoker$MethodInvocationAgent.invoke(TestInvoker.java:992) ~[testng-7.10.2.jar:7.10.2]
	at org.testng.internal.invokers.TestInvoker.invokeTestMethods(TestInvoker.java:203) ~[testng-7.10.2.jar:7.10.2]
	at org.testng.internal.invokers.TestMethodWorker.invokeTestMethods(TestMethodWorker.java:154) ~[testng-7.10.2.jar:7.10.2]
	at org.testng.internal.invokers.TestMethodWorker.run(TestMethodWorker.java:134) ~[testng-7.10.2.jar:7.10.2]
	at java.base/java.util.ArrayList.forEach(ArrayList.java:1511) [?:?]
	at org.testng.TestRunner.privateRun(TestRunner.java:739) [testng-7.10.2.jar:7.10.2]
	at org.testng.TestRunner.run(TestRunner.java:614) [testng-7.10.2.jar:7.10.2]
	at org.testng.SuiteRunner.runTest(SuiteRunner.java:421) [testng-7.10.2.jar:7.10.2]
	at org.testng.SuiteRunner.runSequentially(SuiteRunner.java:413) [testng-7.10.2.jar:7.10.2]
	at org.testng.SuiteRunner.privateRun(SuiteRunner.java:373) [testng-7.10.2.jar:7.10.2]
	at org.testng.SuiteRunner.run(SuiteRunner.java:312) [testng-7.10.2.jar:7.10.2]
	at org.testng.SuiteRunnerWorker.runSuite(SuiteRunnerWorker.java:52) [testng-7.10.2.jar:7.10.2]
	at org.testng.SuiteRunnerWorker.run(SuiteRunnerWorker.java:95) [testng-7.10.2.jar:7.10.2]
	at org.testng.TestNG.runSuitesSequentially(TestNG.java:1274) [testng-7.10.2.jar:7.10.2]
	at org.testng.TestNG.runSuitesLocally(TestNG.java:1208) [testng-7.10.2.jar:7.10.2]
	at org.testng.TestNG.runSuites(TestNG.java:1112) [testng-7.10.2.jar:7.10.2]
	at org.testng.TestNG.run(TestNG.java:1079) [testng-7.10.2.jar:7.10.2]
	at com.intellij.rt.testng.IDEARemoteTestNG.run(IDEARemoteTestNG.java:65) [testng-rt.jar:?]
	at com.intellij.rt.testng.RemoteTestNGStarter.main(RemoteTestNGStarter.java:105) [testng-rt.jar:?]
2025-09-16 16:13:45 INFO  utils.LogUtil - Browser closed for test: login
2025-09-16 16:13:45 INFO  utils.LogUtil - Extent Report flushed successfully
2025-09-16 16:28:28 INFO  utils.LogUtil - Extent Report initialized: D:\JG_PROJ\orange_hrm\reports\ExecutionReport_20250916_162827.html
2025-09-16 16:28:28 INFO  utils.LogUtil - Extent Report flushed successfully
2025-09-16 16:33:11 INFO  utils.LogUtil - Extent Report initialized: D:\JG_PROJ\orange_hrm\reports\ExecutionReport_20250916_163311.html
2025-09-16 16:33:17 INFO  utils.LogUtil - Browser launched: chrome
2025-09-16 16:33:17 INFO  utils.LogUtil - URL launched: https://opensource-demo.orangehrmlive.com/web/index.php/auth/login
2025-09-16 16:33:17 INFO  utils.LogUtil - WebDriver initialized in BasePage
2025-09-16 16:33:17 INFO  utils.LogUtil - LoginPage initialized
2025-09-16 16:33:18 INFO  utils.LogUtil - Typed 'admin' into: By.name: username
2025-09-16 16:33:18 INFO  utils.LogUtil - Typed 'admin' into: By.name: password
2025-09-16 16:33:18 INFO  utils.LogUtil - Clicked element: By.xpath: //button[@type='submit']
2025-09-16 16:33:20 INFO  utils.LogUtil - Expected URL: https://opensource-demo.orangehrmlive.com/web/index.php/auth/login | Actual URL: https://opensource-demo.orangehrmlive.com/web/index.php/auth/login
2025-09-16 16:33:20 INFO  utils.LogUtil - PASSED: invalidLogin
2025-09-16 16:33:20 INFO  utils.LogUtil - Browser closed for test: invalidLogin
2025-09-16 16:33:20 INFO  utils.LogUtil - Extent Report flushed successfully
2025-09-16 16:33:50 INFO  utils.LogUtil - Extent Report initialized: D:\JG_PROJ\orange_hrm\reports\ExecutionReport_20250916_163349.html
2025-09-16 16:33:52 ERROR utils.LogUtil - Error in tearDown reporting
java.lang.NullPointerException: Cannot invoke "com.aventstack.extentreports.ExtentTest.skip(String)" because "this.test" is null
	at org.orangehrm.tests.BaseTest.tearDown(BaseTest.java:78) ~[test-classes/:?]
	at java.base/jdk.internal.reflect.NativeMethodAccessorImpl.invoke0(Native Method) ~[?:?]
	at java.base/jdk.internal.reflect.NativeMethodAccessorImpl.invoke(NativeMethodAccessorImpl.java:77) ~[?:?]
	at java.base/jdk.internal.reflect.DelegatingMethodAccessorImpl.invoke(DelegatingMethodAccessorImpl.java:43) ~[?:?]
	at java.base/java.lang.reflect.Method.invoke(Method.java:568) ~[?:?]
	at org.testng.internal.invokers.MethodInvocationHelper.invokeMethod(MethodInvocationHelper.java:141) ~[testng-7.10.2.jar:7.10.2]
	at org.testng.internal.invokers.MethodInvocationHelper.invokeMethodConsideringTimeout(MethodInvocationHelper.java:71) ~[testng-7.10.2.jar:7.10.2]
	at org.testng.internal.invokers.ConfigInvoker.invokeConfigurationMethod(ConfigInvoker.java:400) ~[testng-7.10.2.jar:7.10.2]
	at org.testng.internal.invokers.ConfigInvoker.invokeConfigurations(ConfigInvoker.java:333) ~[testng-7.10.2.jar:7.10.2]
	at org.testng.internal.invokers.TestInvoker.runConfigMethods(TestInvoker.java:833) ~[testng-7.10.2.jar:7.10.2]
	at org.testng.internal.invokers.TestInvoker.runAfterConfigurations(TestInvoker.java:802) ~[testng-7.10.2.jar:7.10.2]
	at org.testng.internal.invokers.TestInvoker.invokeMethod(TestInvoker.java:622) ~[testng-7.10.2.jar:7.10.2]
	at org.testng.internal.invokers.TestInvoker.invokeTestMethod(TestInvoker.java:230) ~[testng-7.10.2.jar:7.10.2]
	at org.testng.internal.invokers.MethodRunner.runInSequence(MethodRunner.java:63) ~[testng-7.10.2.jar:7.10.2]
	at org.testng.internal.invokers.TestInvoker$MethodInvocationAgent.invoke(TestInvoker.java:992) ~[testng-7.10.2.jar:7.10.2]
	at org.testng.internal.invokers.TestInvoker.invokeTestMethods(TestInvoker.java:203) ~[testng-7.10.2.jar:7.10.2]
	at org.testng.internal.invokers.TestMethodWorker.invokeTestMethods(TestMethodWorker.java:154) ~[testng-7.10.2.jar:7.10.2]
	at org.testng.internal.invokers.TestMethodWorker.run(TestMethodWorker.java:134) ~[testng-7.10.2.jar:7.10.2]
	at java.base/java.util.ArrayList.forEach(ArrayList.java:1511) [?:?]
	at org.testng.TestRunner.privateRun(TestRunner.java:739) [testng-7.10.2.jar:7.10.2]
	at org.testng.TestRunner.run(TestRunner.java:614) [testng-7.10.2.jar:7.10.2]
	at org.testng.SuiteRunner.runTest(SuiteRunner.java:421) [testng-7.10.2.jar:7.10.2]
	at org.testng.SuiteRunner.runSequentially(SuiteRunner.java:413) [testng-7.10.2.jar:7.10.2]
	at org.testng.SuiteRunner.privateRun(SuiteRunner.java:373) [testng-7.10.2.jar:7.10.2]
	at org.testng.SuiteRunner.run(SuiteRunner.java:312) [testng-7.10.2.jar:7.10.2]
	at org.testng.SuiteRunnerWorker.runSuite(SuiteRunnerWorker.java:52) [testng-7.10.2.jar:7.10.2]
	at org.testng.SuiteRunnerWorker.run(SuiteRunnerWorker.java:95) [testng-7.10.2.jar:7.10.2]
	at org.testng.TestNG.runSuitesSequentially(TestNG.java:1274) [testng-7.10.2.jar:7.10.2]
	at org.testng.TestNG.runSuitesLocally(TestNG.java:1208) [testng-7.10.2.jar:7.10.2]
	at org.testng.TestNG.runSuites(TestNG.java:1112) [testng-7.10.2.jar:7.10.2]
	at org.testng.TestNG.run(TestNG.java:1079) [testng-7.10.2.jar:7.10.2]
	at com.intellij.rt.testng.IDEARemoteTestNG.run(IDEARemoteTestNG.java:65) [testng-rt.jar:?]
	at com.intellij.rt.testng.RemoteTestNGStarter.main(RemoteTestNGStarter.java:105) [testng-rt.jar:?]
2025-09-16 16:33:58 INFO  utils.LogUtil - Browser launched: chrome
2025-09-16 16:33:58 INFO  utils.LogUtil - URL launched: https://opensource-demo.orangehrmlive.com/web/index.php/auth/login
2025-09-16 16:33:58 WARN  utils.LogUtil - SKIPPED: login
2025-09-16 16:33:58 INFO  utils.LogUtil - Browser closed for test: login
2025-09-16 16:34:10 INFO  utils.LogUtil - Browser launched: chrome
2025-09-16 16:34:10 INFO  utils.LogUtil - URL launched: https://opensource-demo.orangehrmlive.com/web/index.php/auth/login
2025-09-16 16:34:10 WARN  utils.LogUtil - SKIPPED: login
2025-09-16 16:34:11 INFO  utils.LogUtil - Browser closed for test: login
2025-09-16 16:34:11 INFO  utils.LogUtil - Extent Report flushed successfully
2025-09-16 16:34:46 INFO  utils.LogUtil - Extent Report initialized: D:\JG_PROJ\orange_hrm\reports\ExecutionReport_20250916_163446.html
2025-09-16 16:34:46 INFO  utils.LogUtil - Extent Report flushed successfully
2025-09-16 16:35:00 INFO  utils.LogUtil - Extent Report initialized: D:\JG_PROJ\orange_hrm\reports\ExecutionReport_20250916_163500.html
2025-09-16 16:35:06 INFO  utils.LogUtil - Browser launched: chrome
2025-09-16 16:35:06 INFO  utils.LogUtil - URL launched: https://opensource-demo.orangehrmlive.com/web/index.php/auth/login
2025-09-16 16:35:06 INFO  utils.LogUtil - WebDriver initialized in BasePage
2025-09-16 16:35:06 INFO  utils.LogUtil - LoginPage initialized
2025-09-16 16:35:07 INFO  utils.LogUtil - Typed 'admin' into: By.name: username
2025-09-16 16:35:07 INFO  utils.LogUtil - Typed 'admin' into: By.name: password
2025-09-16 16:35:07 INFO  utils.LogUtil - Clicked element: By.xpath: //button[@type='submit']
2025-09-16 16:35:09 INFO  utils.LogUtil - Expected URL: https://opensource-demo.orangehrmlive.com/web/index.php/auth/login | Actual URL: https://opensource-demo.orangehrmlive.com/web/index.php/auth/login
2025-09-16 16:35:09 INFO  utils.LogUtil - PASSED: invalidLogin
2025-09-16 16:35:09 INFO  utils.LogUtil - Browser closed for test: invalidLogin
2025-09-16 16:35:14 INFO  utils.LogUtil - Browser launched: chrome
2025-09-16 16:35:14 INFO  utils.LogUtil - URL launched: https://opensource-demo.orangehrmlive.com/web/index.php/auth/login
2025-09-16 16:35:14 INFO  utils.LogUtil - WebDriver initialized in BasePage
2025-09-16 16:35:14 INFO  utils.LogUtil - LoginPage initialized
2025-09-16 16:35:15 INFO  utils.LogUtil - Typed 'admin' into: By.name: username
2025-09-16 16:35:15 INFO  utils.LogUtil - Typed 'admin123' into: By.name: password
2025-09-16 16:35:15 INFO  utils.LogUtil - Clicked element: By.xpath: //button[@type='submit']
2025-09-16 16:35:16 INFO  utils.LogUtil - Expected URL: https://opensource-demo.orangehrmlive.com/web/index.php/dashboard/index | Actual URL: https://opensource-demo.orangehrmlive.com/web/index.php/dashboard/index
2025-09-16 16:35:20 INFO  utils.LogUtil - PASSED: login
2025-09-16 16:35:20 INFO  utils.LogUtil - Browser closed for test: login
2025-09-16 16:35:25 INFO  utils.LogUtil - Browser launched: chrome
2025-09-16 16:35:25 INFO  utils.LogUtil - URL launched: https://opensource-demo.orangehrmlive.com/web/index.php/auth/login
2025-09-16 16:35:25 INFO  utils.LogUtil - WebDriver initialized in BasePage
2025-09-16 16:35:25 INFO  utils.LogUtil - LoginPage initialized
2025-09-16 16:35:26 INFO  utils.LogUtil - Typed 'admin' into: By.name: username
2025-09-16 16:35:26 INFO  utils.LogUtil - Typed 'admin' into: By.name: password
2025-09-16 16:35:26 INFO  utils.LogUtil - Clicked element: By.xpath: //button[@type='submit']
2025-09-16 16:35:36 ERROR utils.LogUtil - FAILED: login
org.openqa.selenium.TimeoutException: Expected condition failed: waiting for url to be "https://opensource-demo.orangehrmlive.com/web/index.php/dashboard/index". Current url: "https://opensource-demo.orangehrmlive.com/web/index.php/auth/login" (tried for 10 second(s) with 500 milliseconds interval)
Build info: version: '4.33.0', revision: '2c6aaad03a'
System info: os.name: 'Windows 11', os.arch: 'amd64', os.version: '10.0', java.version: '17.0.5'
Driver info: org.openqa.selenium.chrome.ChromeDriver
Capabilities {acceptInsecureCerts: false, browserName: chrome, browserVersion: 140.0.7339.81, chrome: {chromedriverVersion: 140.0.7339.82 (bc93617e21c3..., userDataDir: C:\Users\12382\AppData\Loca...}, fedcm:accounts: true, goog:chromeOptions: {debuggerAddress: localhost:50555}, networkConnectionEnabled: false, pageLoadStrategy: normal, platformName: windows, proxy: Proxy(), se:cdp: ws://localhost:50555/devtoo..., se:cdpVersion: 140.0.7339.81, setWindowRect: true, strictFileInteractability: false, timeouts: {implicit: 0, pageLoad: 300000, script: 30000}, unhandledPromptBehavior: dismiss and notify, webauthn:extension:credBlob: true, webauthn:extension:largeBlob: true, webauthn:extension:minPinLength: true, webauthn:extension:prf: true, webauthn:virtualAuthenticators: true}
Session ID: a065cd24b7649962020dfc66e54ff3b6
	at org.openqa.selenium.support.ui.WebDriverWait.timeoutException(WebDriverWait.java:84) ~[selenium-support-4.33.0.jar:?]
	at org.openqa.selenium.support.ui.FluentWait.until(FluentWait.java:228) ~[selenium-support-4.33.0.jar:?]
	at com.orangehrm.pages.BasePage.getCurrentUrlAfterWait(BasePage.java:66) ~[classes/:?]
	at org.orangehrm.tests.LoginTest.login(LoginTest.java:38) ~[test-classes/:?]
	at java.base/jdk.internal.reflect.NativeMethodAccessorImpl.invoke0(Native Method) ~[?:?]
	at java.base/jdk.internal.reflect.NativeMethodAccessorImpl.invoke(NativeMethodAccessorImpl.java:77) ~[?:?]
	at java.base/jdk.internal.reflect.DelegatingMethodAccessorImpl.invoke(DelegatingMethodAccessorImpl.java:43) ~[?:?]
	at java.base/java.lang.reflect.Method.invoke(Method.java:568) ~[?:?]
	at org.testng.internal.invokers.MethodInvocationHelper.invokeMethod(MethodInvocationHelper.java:141) ~[testng-7.10.2.jar:7.10.2]
	at org.testng.internal.invokers.TestInvoker.invokeMethod(TestInvoker.java:686) ~[testng-7.10.2.jar:7.10.2]
	at org.testng.internal.invokers.TestInvoker.invokeTestMethod(TestInvoker.java:230) ~[testng-7.10.2.jar:7.10.2]
	at org.testng.internal.invokers.MethodRunner.runInSequence(MethodRunner.java:63) ~[testng-7.10.2.jar:7.10.2]
	at org.testng.internal.invokers.TestInvoker$MethodInvocationAgent.invoke(TestInvoker.java:992) ~[testng-7.10.2.jar:7.10.2]
	at org.testng.internal.invokers.TestInvoker.invokeTestMethods(TestInvoker.java:203) ~[testng-7.10.2.jar:7.10.2]
	at org.testng.internal.invokers.TestMethodWorker.invokeTestMethods(TestMethodWorker.java:154) ~[testng-7.10.2.jar:7.10.2]
	at org.testng.internal.invokers.TestMethodWorker.run(TestMethodWorker.java:134) ~[testng-7.10.2.jar:7.10.2]
	at java.base/java.util.ArrayList.forEach(ArrayList.java:1511) [?:?]
	at org.testng.TestRunner.privateRun(TestRunner.java:739) [testng-7.10.2.jar:7.10.2]
	at org.testng.TestRunner.run(TestRunner.java:614) [testng-7.10.2.jar:7.10.2]
	at org.testng.SuiteRunner.runTest(SuiteRunner.java:421) [testng-7.10.2.jar:7.10.2]
	at org.testng.SuiteRunner.runSequentially(SuiteRunner.java:413) [testng-7.10.2.jar:7.10.2]
	at org.testng.SuiteRunner.privateRun(SuiteRunner.java:373) [testng-7.10.2.jar:7.10.2]
	at org.testng.SuiteRunner.run(SuiteRunner.java:312) [testng-7.10.2.jar:7.10.2]
	at org.testng.SuiteRunnerWorker.runSuite(SuiteRunnerWorker.java:52) [testng-7.10.2.jar:7.10.2]
	at org.testng.SuiteRunnerWorker.run(SuiteRunnerWorker.java:95) [testng-7.10.2.jar:7.10.2]
	at org.testng.TestNG.runSuitesSequentially(TestNG.java:1274) [testng-7.10.2.jar:7.10.2]
	at org.testng.TestNG.runSuitesLocally(TestNG.java:1208) [testng-7.10.2.jar:7.10.2]
	at org.testng.TestNG.runSuites(TestNG.java:1112) [testng-7.10.2.jar:7.10.2]
	at org.testng.TestNG.run(TestNG.java:1079) [testng-7.10.2.jar:7.10.2]
	at com.intellij.rt.testng.IDEARemoteTestNG.run(IDEARemoteTestNG.java:65) [testng-rt.jar:?]
	at com.intellij.rt.testng.RemoteTestNGStarter.main(RemoteTestNGStarter.java:105) [testng-rt.jar:?]
2025-09-16 16:35:37 INFO  utils.LogUtil - Browser closed for test: login
2025-09-16 16:35:37 INFO  utils.LogUtil - Extent Report flushed successfully
2025-09-16 16:49:13 INFO  utils.LogUtil - Extent Report initialized: D:\JG_PROJ\orange_hrm\reports\ExecutionReport_20250916_164912.html
2025-09-16 16:49:19 INFO  utils.LogUtil - Browser launched: chrome
2025-09-16 16:49:19 INFO  utils.LogUtil - URL launched: https://opensource-demo.orangehrmlive.com/web/index.php/auth/login
2025-09-16 16:49:19 INFO  utils.LogUtil - WebDriver initialized in BasePage
2025-09-16 16:49:19 INFO  utils.LogUtil - LoginPage initialized
2025-09-16 16:49:20 INFO  utils.LogUtil - Typed 'admin' into: By.name: username
2025-09-16 16:49:21 INFO  utils.LogUtil - Typed 'admin123' into: By.name: password
2025-09-16 16:49:21 INFO  utils.LogUtil - Clicked element: By.xpath: //button[@type='submit']
2025-09-16 16:49:22 INFO  utils.LogUtil - Expected URL: https://opensource-demo.orangehrmlive.com/web/index.php/dashboard/index | Actual URL: https://opensource-demo.orangehrmlive.com/web/index.php/dashboard/index
2025-09-16 16:49:25 INFO  utils.LogUtil - PASSED: login
2025-09-16 16:49:26 INFO  utils.LogUtil - Browser closed for test: login
2025-09-16 16:49:30 INFO  utils.LogUtil - Browser launched: chrome
2025-09-16 16:49:30 INFO  utils.LogUtil - URL launched: https://opensource-demo.orangehrmlive.com/web/index.php/auth/login
2025-09-16 16:49:30 INFO  utils.LogUtil - WebDriver initialized in BasePage
2025-09-16 16:49:30 INFO  utils.LogUtil - LoginPage initialized
2025-09-16 16:49:31 INFO  utils.LogUtil - Typed 'admin' into: By.name: username
2025-09-16 16:49:31 INFO  utils.LogUtil - Typed 'admin' into: By.name: password
2025-09-16 16:49:32 INFO  utils.LogUtil - Clicked element: By.xpath: //button[@type='submit']
2025-09-16 16:49:42 ERROR utils.LogUtil - FAILED: login
org.openqa.selenium.TimeoutException: Expected condition failed: waiting for url to be "https://opensource-demo.orangehrmlive.com/web/index.php/dashboard/index". Current url: "https://opensource-demo.orangehrmlive.com/web/index.php/auth/login" (tried for 10 second(s) with 500 milliseconds interval)
Build info: version: '4.33.0', revision: '2c6aaad03a'
System info: os.name: 'Windows 11', os.arch: 'amd64', os.version: '10.0', java.version: '17.0.5'
Driver info: org.openqa.selenium.chrome.ChromeDriver
Capabilities {acceptInsecureCerts: false, browserName: chrome, browserVersion: 140.0.7339.81, chrome: {chromedriverVersion: 140.0.7339.82 (bc93617e21c3..., userDataDir: C:\Users\12382\AppData\Loca...}, fedcm:accounts: true, goog:chromeOptions: {debuggerAddress: localhost:56237}, networkConnectionEnabled: false, pageLoadStrategy: normal, platformName: windows, proxy: Proxy(), se:cdp: ws://localhost:56237/devtoo..., se:cdpVersion: 140.0.7339.81, setWindowRect: true, strictFileInteractability: false, timeouts: {implicit: 0, pageLoad: 300000, script: 30000}, unhandledPromptBehavior: dismiss and notify, webauthn:extension:credBlob: true, webauthn:extension:largeBlob: true, webauthn:extension:minPinLength: true, webauthn:extension:prf: true, webauthn:virtualAuthenticators: true}
Session ID: 3bbd723aa7e23dd9d228b8dd7bb83fb7
	at org.openqa.selenium.support.ui.WebDriverWait.timeoutException(WebDriverWait.java:84) ~[selenium-support-4.33.0.jar:?]
	at org.openqa.selenium.support.ui.FluentWait.until(FluentWait.java:228) ~[selenium-support-4.33.0.jar:?]
	at com.orangehrm.pages.BasePage.getCurrentUrlAfterWait(BasePage.java:66) ~[classes/:?]
	at org.orangehrm.tests.LoginTest.login(LoginTest.java:38) ~[test-classes/:?]
	at java.base/jdk.internal.reflect.NativeMethodAccessorImpl.invoke0(Native Method) ~[?:?]
	at java.base/jdk.internal.reflect.NativeMethodAccessorImpl.invoke(NativeMethodAccessorImpl.java:77) ~[?:?]
	at java.base/jdk.internal.reflect.DelegatingMethodAccessorImpl.invoke(DelegatingMethodAccessorImpl.java:43) ~[?:?]
	at java.base/java.lang.reflect.Method.invoke(Method.java:568) ~[?:?]
	at org.testng.internal.invokers.MethodInvocationHelper.invokeMethod(MethodInvocationHelper.java:141) ~[testng-7.10.2.jar:7.10.2]
	at org.testng.internal.invokers.TestInvoker.invokeMethod(TestInvoker.java:686) ~[testng-7.10.2.jar:7.10.2]
	at org.testng.internal.invokers.TestInvoker.invokeTestMethod(TestInvoker.java:230) ~[testng-7.10.2.jar:7.10.2]
	at org.testng.internal.invokers.MethodRunner.runInSequence(MethodRunner.java:63) ~[testng-7.10.2.jar:7.10.2]
	at org.testng.internal.invokers.TestInvoker$MethodInvocationAgent.invoke(TestInvoker.java:992) ~[testng-7.10.2.jar:7.10.2]
	at org.testng.internal.invokers.TestInvoker.invokeTestMethods(TestInvoker.java:203) ~[testng-7.10.2.jar:7.10.2]
	at org.testng.internal.invokers.TestMethodWorker.invokeTestMethods(TestMethodWorker.java:154) ~[testng-7.10.2.jar:7.10.2]
	at org.testng.internal.invokers.TestMethodWorker.run(TestMethodWorker.java:134) ~[testng-7.10.2.jar:7.10.2]
	at java.base/java.util.ArrayList.forEach(ArrayList.java:1511) [?:?]
	at org.testng.TestRunner.privateRun(TestRunner.java:739) [testng-7.10.2.jar:7.10.2]
	at org.testng.TestRunner.run(TestRunner.java:614) [testng-7.10.2.jar:7.10.2]
	at org.testng.SuiteRunner.runTest(SuiteRunner.java:421) [testng-7.10.2.jar:7.10.2]
	at org.testng.SuiteRunner.runSequentially(SuiteRunner.java:413) [testng-7.10.2.jar:7.10.2]
	at org.testng.SuiteRunner.privateRun(SuiteRunner.java:373) [testng-7.10.2.jar:7.10.2]
	at org.testng.SuiteRunner.run(SuiteRunner.java:312) [testng-7.10.2.jar:7.10.2]
	at org.testng.SuiteRunnerWorker.runSuite(SuiteRunnerWorker.java:52) [testng-7.10.2.jar:7.10.2]
	at org.testng.SuiteRunnerWorker.run(SuiteRunnerWorker.java:95) [testng-7.10.2.jar:7.10.2]
	at org.testng.TestNG.runSuitesSequentially(TestNG.java:1274) [testng-7.10.2.jar:7.10.2]
	at org.testng.TestNG.runSuitesLocally(TestNG.java:1208) [testng-7.10.2.jar:7.10.2]
	at org.testng.TestNG.runSuites(TestNG.java:1112) [testng-7.10.2.jar:7.10.2]
	at org.testng.TestNG.run(TestNG.java:1079) [testng-7.10.2.jar:7.10.2]
	at com.intellij.rt.testng.IDEARemoteTestNG.run(IDEARemoteTestNG.java:65) [testng-rt.jar:?]
	at com.intellij.rt.testng.RemoteTestNGStarter.main(RemoteTestNGStarter.java:105) [testng-rt.jar:?]
2025-09-16 16:49:42 INFO  utils.LogUtil - Browser closed for test: login
2025-09-16 16:49:43 INFO  utils.LogUtil - Extent Report flushed successfully
2025-09-16 16:54:44 INFO  utils.LogUtil - Extent Report initialized: D:\JG_PROJ\orange_hrm\reports\ExecutionReport_20250916_165444.html
2025-09-16 16:54:50 INFO  utils.LogUtil - Browser launched: chrome
2025-09-16 16:54:50 INFO  utils.LogUtil - URL launched: https://opensource-demo.orangehrmlive.com/web/index.php/auth/login
2025-09-16 16:54:50 INFO  utils.LogUtil - WebDriver initialized in BasePage
2025-09-16 16:54:50 INFO  utils.LogUtil - LoginPage initialized
2025-09-16 16:54:55 INFO  utils.LogUtil - Typed 'admin' into: By.name: username
2025-09-16 16:54:55 INFO  utils.LogUtil - Typed 'admin' into: By.name: password
2025-09-16 16:54:55 INFO  utils.LogUtil - Clicked element: By.xpath: //button[@type='submit']
2025-09-16 16:55:06 ERROR utils.LogUtil - FAILED: invalidLogin
org.openqa.selenium.TimeoutException: Expected condition failed: waiting for url to be "https://opensource-demo.orangehrmlive.com/web/index.php/auth/logi". Current url: "https://opensource-demo.orangehrmlive.com/web/index.php/auth/login" (tried for 10 second(s) with 500 milliseconds interval)
Build info: version: '4.33.0', revision: '2c6aaad03a'
System info: os.name: 'Windows 11', os.arch: 'amd64', os.version: '10.0', java.version: '17.0.5'
Driver info: org.openqa.selenium.chrome.ChromeDriver
Capabilities {acceptInsecureCerts: false, browserName: chrome, browserVersion: 140.0.7339.81, chrome: {chromedriverVersion: 140.0.7339.82 (bc93617e21c3..., userDataDir: C:\Users\12382\AppData\Loca...}, fedcm:accounts: true, goog:chromeOptions: {debuggerAddress: localhost:53498}, networkConnectionEnabled: false, pageLoadStrategy: normal, platformName: windows, proxy: Proxy(), se:cdp: ws://localhost:53498/devtoo..., se:cdpVersion: 140.0.7339.81, setWindowRect: true, strictFileInteractability: false, timeouts: {implicit: 0, pageLoad: 300000, script: 30000}, unhandledPromptBehavior: dismiss and notify, webauthn:extension:credBlob: true, webauthn:extension:largeBlob: true, webauthn:extension:minPinLength: true, webauthn:extension:prf: true, webauthn:virtualAuthenticators: true}
Session ID: 62c4d6f468ffd1b81cc2f4fdf043bb78
	at org.openqa.selenium.support.ui.WebDriverWait.timeoutException(WebDriverWait.java:84) ~[selenium-support-4.33.0.jar:?]
	at org.openqa.selenium.support.ui.FluentWait.until(FluentWait.java:228) ~[selenium-support-4.33.0.jar:?]
	at com.orangehrm.pages.BasePage.getCurrentUrlAfterWait(BasePage.java:66) ~[classes/:?]
	at org.orangehrm.tests.LoginTest.invalidLogin(LoginTest.java:52) ~[test-classes/:?]
	at java.base/jdk.internal.reflect.NativeMethodAccessorImpl.invoke0(Native Method) ~[?:?]
	at java.base/jdk.internal.reflect.NativeMethodAccessorImpl.invoke(NativeMethodAccessorImpl.java:77) ~[?:?]
	at java.base/jdk.internal.reflect.DelegatingMethodAccessorImpl.invoke(DelegatingMethodAccessorImpl.java:43) ~[?:?]
	at java.base/java.lang.reflect.Method.invoke(Method.java:568) ~[?:?]
	at org.testng.internal.invokers.MethodInvocationHelper.invokeMethod(MethodInvocationHelper.java:141) ~[testng-7.10.2.jar:7.10.2]
	at org.testng.internal.invokers.TestInvoker.invokeMethod(TestInvoker.java:686) ~[testng-7.10.2.jar:7.10.2]
	at org.testng.internal.invokers.TestInvoker.invokeTestMethod(TestInvoker.java:230) ~[testng-7.10.2.jar:7.10.2]
	at org.testng.internal.invokers.MethodRunner.runInSequence(MethodRunner.java:63) ~[testng-7.10.2.jar:7.10.2]
	at org.testng.internal.invokers.TestInvoker$MethodInvocationAgent.invoke(TestInvoker.java:992) ~[testng-7.10.2.jar:7.10.2]
	at org.testng.internal.invokers.TestInvoker.invokeTestMethods(TestInvoker.java:203) ~[testng-7.10.2.jar:7.10.2]
	at org.testng.internal.invokers.TestMethodWorker.invokeTestMethods(TestMethodWorker.java:154) ~[testng-7.10.2.jar:7.10.2]
	at org.testng.internal.invokers.TestMethodWorker.run(TestMethodWorker.java:134) ~[testng-7.10.2.jar:7.10.2]
	at java.base/java.util.ArrayList.forEach(ArrayList.java:1511) [?:?]
	at org.testng.TestRunner.privateRun(TestRunner.java:739) [testng-7.10.2.jar:7.10.2]
	at org.testng.TestRunner.run(TestRunner.java:614) [testng-7.10.2.jar:7.10.2]
	at org.testng.SuiteRunner.runTest(SuiteRunner.java:421) [testng-7.10.2.jar:7.10.2]
	at org.testng.SuiteRunner.runSequentially(SuiteRunner.java:413) [testng-7.10.2.jar:7.10.2]
	at org.testng.SuiteRunner.privateRun(SuiteRunner.java:373) [testng-7.10.2.jar:7.10.2]
	at org.testng.SuiteRunner.run(SuiteRunner.java:312) [testng-7.10.2.jar:7.10.2]
	at org.testng.SuiteRunnerWorker.runSuite(SuiteRunnerWorker.java:52) [testng-7.10.2.jar:7.10.2]
	at org.testng.SuiteRunnerWorker.run(SuiteRunnerWorker.java:95) [testng-7.10.2.jar:7.10.2]
	at org.testng.TestNG.runSuitesSequentially(TestNG.java:1274) [testng-7.10.2.jar:7.10.2]
	at org.testng.TestNG.runSuitesLocally(TestNG.java:1208) [testng-7.10.2.jar:7.10.2]
	at org.testng.TestNG.runSuites(TestNG.java:1112) [testng-7.10.2.jar:7.10.2]
	at org.testng.TestNG.run(TestNG.java:1079) [testng-7.10.2.jar:7.10.2]
	at com.intellij.rt.testng.IDEARemoteTestNG.run(IDEARemoteTestNG.java:65) [testng-rt.jar:?]
	at com.intellij.rt.testng.RemoteTestNGStarter.main(RemoteTestNGStarter.java:105) [testng-rt.jar:?]
2025-09-16 16:55:06 INFO  utils.LogUtil - Browser closed for test: invalidLogin
2025-09-16 16:55:06 INFO  utils.LogUtil - Extent Report flushed successfully
2025-09-16 17:12:20 INFO  utils.LogUtil - Extent Report initialized: D:\JG_PROJ\orange_hrm\reports\ExecutionReport_20250916_171219.html
2025-09-16 17:12:26 INFO  utils.LogUtil - Browser launched: chrome
2025-09-16 17:12:26 INFO  utils.LogUtil - URL launched: https://opensource-demo.orangehrmlive.com/web/index.php/auth/login
2025-09-16 17:12:26 INFO  utils.LogUtil - WebDriver initialized in BasePage
2025-09-16 17:12:26 INFO  utils.LogUtil - LoginPage initialized
2025-09-16 17:12:26 INFO  utils.LogUtil - Typed 'admin' into: By.name: username
2025-09-16 17:12:27 INFO  utils.LogUtil - Typed 'admin' into: By.name: password
2025-09-16 17:12:27 INFO  utils.LogUtil - Clicked element: By.xpath: //button[@type='submit']
2025-09-16 17:12:37 ERROR utils.LogUtil - FAILED: invalidLogin
org.openqa.selenium.TimeoutException: Expected condition failed: waiting for url to be "https://opensource-demo.orangehrmlive.com/web/index.php/auth/logi". Current url: "https://opensource-demo.orangehrmlive.com/web/index.php/auth/login" (tried for 10 second(s) with 500 milliseconds interval)
Build info: version: '4.33.0', revision: '2c6aaad03a'
System info: os.name: 'Windows 11', os.arch: 'amd64', os.version: '10.0', java.version: '17.0.5'
Driver info: org.openqa.selenium.chrome.ChromeDriver
Capabilities {acceptInsecureCerts: false, browserName: chrome, browserVersion: 140.0.7339.81, chrome: {chromedriverVersion: 140.0.7339.82 (bc93617e21c3..., userDataDir: C:\Users\12382\AppData\Loca...}, fedcm:accounts: true, goog:chromeOptions: {debuggerAddress: localhost:51484}, networkConnectionEnabled: false, pageLoadStrategy: normal, platformName: windows, proxy: Proxy(), se:cdp: ws://localhost:51484/devtoo..., se:cdpVersion: 140.0.7339.81, setWindowRect: true, strictFileInteractability: false, timeouts: {implicit: 0, pageLoad: 300000, script: 30000}, unhandledPromptBehavior: dismiss and notify, webauthn:extension:credBlob: true, webauthn:extension:largeBlob: true, webauthn:extension:minPinLength: true, webauthn:extension:prf: true, webauthn:virtualAuthenticators: true}
Session ID: 9b90b5979afde2a513469879ebd02a74
	at org.openqa.selenium.support.ui.WebDriverWait.timeoutException(WebDriverWait.java:84) ~[selenium-support-4.33.0.jar:?]
	at org.openqa.selenium.support.ui.FluentWait.until(FluentWait.java:228) ~[selenium-support-4.33.0.jar:?]
	at com.orangehrm.pages.BasePage.getCurrentUrlAfterWait(BasePage.java:66) ~[classes/:?]
	at org.orangehrm.tests.LoginTest.invalidLogin(LoginTest.java:52) ~[test-classes/:?]
	at java.base/jdk.internal.reflect.NativeMethodAccessorImpl.invoke0(Native Method) ~[?:?]
	at java.base/jdk.internal.reflect.NativeMethodAccessorImpl.invoke(NativeMethodAccessorImpl.java:77) ~[?:?]
	at java.base/jdk.internal.reflect.DelegatingMethodAccessorImpl.invoke(DelegatingMethodAccessorImpl.java:43) ~[?:?]
	at java.base/java.lang.reflect.Method.invoke(Method.java:568) ~[?:?]
	at org.testng.internal.invokers.MethodInvocationHelper.invokeMethod(MethodInvocationHelper.java:141) ~[testng-7.10.2.jar:7.10.2]
	at org.testng.internal.invokers.TestInvoker.invokeMethod(TestInvoker.java:686) ~[testng-7.10.2.jar:7.10.2]
	at org.testng.internal.invokers.TestInvoker.invokeTestMethod(TestInvoker.java:230) ~[testng-7.10.2.jar:7.10.2]
	at org.testng.internal.invokers.MethodRunner.runInSequence(MethodRunner.java:63) ~[testng-7.10.2.jar:7.10.2]
	at org.testng.internal.invokers.TestInvoker$MethodInvocationAgent.invoke(TestInvoker.java:992) ~[testng-7.10.2.jar:7.10.2]
	at org.testng.internal.invokers.TestInvoker.invokeTestMethods(TestInvoker.java:203) ~[testng-7.10.2.jar:7.10.2]
	at org.testng.internal.invokers.TestMethodWorker.invokeTestMethods(TestMethodWorker.java:154) ~[testng-7.10.2.jar:7.10.2]
	at org.testng.internal.invokers.TestMethodWorker.run(TestMethodWorker.java:134) ~[testng-7.10.2.jar:7.10.2]
	at java.base/java.util.ArrayList.forEach(ArrayList.java:1511) [?:?]
	at org.testng.TestRunner.privateRun(TestRunner.java:739) [testng-7.10.2.jar:7.10.2]
	at org.testng.TestRunner.run(TestRunner.java:614) [testng-7.10.2.jar:7.10.2]
	at org.testng.SuiteRunner.runTest(SuiteRunner.java:421) [testng-7.10.2.jar:7.10.2]
	at org.testng.SuiteRunner.runSequentially(SuiteRunner.java:413) [testng-7.10.2.jar:7.10.2]
	at org.testng.SuiteRunner.privateRun(SuiteRunner.java:373) [testng-7.10.2.jar:7.10.2]
	at org.testng.SuiteRunner.run(SuiteRunner.java:312) [testng-7.10.2.jar:7.10.2]
	at org.testng.SuiteRunnerWorker.runSuite(SuiteRunnerWorker.java:52) [testng-7.10.2.jar:7.10.2]
	at org.testng.SuiteRunnerWorker.run(SuiteRunnerWorker.java:95) [testng-7.10.2.jar:7.10.2]
	at org.testng.TestNG.runSuitesSequentially(TestNG.java:1274) [testng-7.10.2.jar:7.10.2]
	at org.testng.TestNG.runSuitesLocally(TestNG.java:1208) [testng-7.10.2.jar:7.10.2]
	at org.testng.TestNG.runSuites(TestNG.java:1112) [testng-7.10.2.jar:7.10.2]
	at org.testng.TestNG.run(TestNG.java:1079) [testng-7.10.2.jar:7.10.2]
	at com.intellij.rt.testng.IDEARemoteTestNG.run(IDEARemoteTestNG.java:65) [testng-rt.jar:?]
	at com.intellij.rt.testng.RemoteTestNGStarter.main(RemoteTestNGStarter.java:105) [testng-rt.jar:?]
2025-09-16 17:12:38 INFO  utils.LogUtil - Browser closed for test: invalidLogin
2025-09-16 17:12:43 INFO  utils.LogUtil - Browser launched: chrome
2025-09-16 17:12:43 INFO  utils.LogUtil - URL launched: https://opensource-demo.orangehrmlive.com/web/index.php/auth/login
2025-09-16 17:12:43 INFO  utils.LogUtil - WebDriver initialized in BasePage
2025-09-16 17:12:43 INFO  utils.LogUtil - LoginPage initialized
2025-09-16 17:12:44 INFO  utils.LogUtil - Typed 'admin' into: By.name: username
2025-09-16 17:12:44 INFO  utils.LogUtil - Typed 'admin123' into: By.name: password
2025-09-16 17:12:44 INFO  utils.LogUtil - Clicked element: By.xpath: //button[@type='submit']
2025-09-16 17:12:46 INFO  utils.LogUtil - Expected URL: https://opensource-demo.orangehrmlive.com/web/index.php/dashboard/index | Actual URL: https://opensource-demo.orangehrmlive.com/web/index.php/dashboard/index
2025-09-16 17:12:49 INFO  utils.LogUtil - PASSED: login
2025-09-16 17:12:51 INFO  utils.LogUtil - Browser closed for test: login
2025-09-16 17:12:57 INFO  utils.LogUtil - Browser launched: chrome
2025-09-16 17:12:57 INFO  utils.LogUtil - URL launched: https://opensource-demo.orangehrmlive.com/web/index.php/auth/login
2025-09-16 17:12:57 INFO  utils.LogUtil - WebDriver initialized in BasePage
2025-09-16 17:12:57 INFO  utils.LogUtil - LoginPage initialized
2025-09-16 17:12:57 INFO  utils.LogUtil - Typed 'admin' into: By.name: username
2025-09-16 17:12:58 INFO  utils.LogUtil - Typed 'admin' into: By.name: password
2025-09-16 17:12:58 INFO  utils.LogUtil - Clicked element: By.xpath: //button[@type='submit']
2025-09-16 17:13:09 ERROR utils.LogUtil - FAILED: login
org.openqa.selenium.TimeoutException: Expected condition failed: waiting for url to be "https://opensource-demo.orangehrmlive.com/web/index.php/dashboard/index". Current url: "https://opensource-demo.orangehrmlive.com/web/index.php/auth/login" (tried for 10 second(s) with 500 milliseconds interval)
Build info: version: '4.33.0', revision: '2c6aaad03a'
System info: os.name: 'Windows 11', os.arch: 'amd64', os.version: '10.0', java.version: '17.0.5'
Driver info: org.openqa.selenium.chrome.ChromeDriver
Capabilities {acceptInsecureCerts: false, browserName: chrome, browserVersion: 140.0.7339.81, chrome: {chromedriverVersion: 140.0.7339.82 (bc93617e21c3..., userDataDir: C:\Users\12382\AppData\Loca...}, fedcm:accounts: true, goog:chromeOptions: {debuggerAddress: localhost:63782}, networkConnectionEnabled: false, pageLoadStrategy: normal, platformName: windows, proxy: Proxy(), se:cdp: ws://localhost:63782/devtoo..., se:cdpVersion: 140.0.7339.81, setWindowRect: true, strictFileInteractability: false, timeouts: {implicit: 0, pageLoad: 300000, script: 30000}, unhandledPromptBehavior: dismiss and notify, webauthn:extension:credBlob: true, webauthn:extension:largeBlob: true, webauthn:extension:minPinLength: true, webauthn:extension:prf: true, webauthn:virtualAuthenticators: true}
Session ID: f8c18f4c863ee3b56341a4ebdb120bec
	at org.openqa.selenium.support.ui.WebDriverWait.timeoutException(WebDriverWait.java:84) ~[selenium-support-4.33.0.jar:?]
	at org.openqa.selenium.support.ui.FluentWait.until(FluentWait.java:228) ~[selenium-support-4.33.0.jar:?]
	at com.orangehrm.pages.BasePage.getCurrentUrlAfterWait(BasePage.java:66) ~[classes/:?]
	at org.orangehrm.tests.LoginTest.login(LoginTest.java:38) ~[test-classes/:?]
	at java.base/jdk.internal.reflect.NativeMethodAccessorImpl.invoke0(Native Method) ~[?:?]
	at java.base/jdk.internal.reflect.NativeMethodAccessorImpl.invoke(NativeMethodAccessorImpl.java:77) ~[?:?]
	at java.base/jdk.internal.reflect.DelegatingMethodAccessorImpl.invoke(DelegatingMethodAccessorImpl.java:43) ~[?:?]
	at java.base/java.lang.reflect.Method.invoke(Method.java:568) ~[?:?]
	at org.testng.internal.invokers.MethodInvocationHelper.invokeMethod(MethodInvocationHelper.java:141) ~[testng-7.10.2.jar:7.10.2]
	at org.testng.internal.invokers.TestInvoker.invokeMethod(TestInvoker.java:686) ~[testng-7.10.2.jar:7.10.2]
	at org.testng.internal.invokers.TestInvoker.invokeTestMethod(TestInvoker.java:230) ~[testng-7.10.2.jar:7.10.2]
	at org.testng.internal.invokers.MethodRunner.runInSequence(MethodRunner.java:63) ~[testng-7.10.2.jar:7.10.2]
	at org.testng.internal.invokers.TestInvoker$MethodInvocationAgent.invoke(TestInvoker.java:992) ~[testng-7.10.2.jar:7.10.2]
	at org.testng.internal.invokers.TestInvoker.invokeTestMethods(TestInvoker.java:203) ~[testng-7.10.2.jar:7.10.2]
	at org.testng.internal.invokers.TestMethodWorker.invokeTestMethods(TestMethodWorker.java:154) ~[testng-7.10.2.jar:7.10.2]
	at org.testng.internal.invokers.TestMethodWorker.run(TestMethodWorker.java:134) ~[testng-7.10.2.jar:7.10.2]
	at java.base/java.util.ArrayList.forEach(ArrayList.java:1511) [?:?]
	at org.testng.TestRunner.privateRun(TestRunner.java:739) [testng-7.10.2.jar:7.10.2]
	at org.testng.TestRunner.run(TestRunner.java:614) [testng-7.10.2.jar:7.10.2]
	at org.testng.SuiteRunner.runTest(SuiteRunner.java:421) [testng-7.10.2.jar:7.10.2]
	at org.testng.SuiteRunner.runSequentially(SuiteRunner.java:413) [testng-7.10.2.jar:7.10.2]
	at org.testng.SuiteRunner.privateRun(SuiteRunner.java:373) [testng-7.10.2.jar:7.10.2]
	at org.testng.SuiteRunner.run(SuiteRunner.java:312) [testng-7.10.2.jar:7.10.2]
	at org.testng.SuiteRunnerWorker.runSuite(SuiteRunnerWorker.java:52) [testng-7.10.2.jar:7.10.2]
	at org.testng.SuiteRunnerWorker.run(SuiteRunnerWorker.java:95) [testng-7.10.2.jar:7.10.2]
	at org.testng.TestNG.runSuitesSequentially(TestNG.java:1274) [testng-7.10.2.jar:7.10.2]
	at org.testng.TestNG.runSuitesLocally(TestNG.java:1208) [testng-7.10.2.jar:7.10.2]
	at org.testng.TestNG.runSuites(TestNG.java:1112) [testng-7.10.2.jar:7.10.2]
	at org.testng.TestNG.run(TestNG.java:1079) [testng-7.10.2.jar:7.10.2]
	at com.intellij.rt.testng.IDEARemoteTestNG.run(IDEARemoteTestNG.java:65) [testng-rt.jar:?]
	at com.intellij.rt.testng.RemoteTestNGStarter.main(RemoteTestNGStarter.java:105) [testng-rt.jar:?]
2025-09-16 17:13:11 INFO  utils.LogUtil - Browser closed for test: login
2025-09-16 17:13:11 INFO  utils.LogUtil - Extent Report flushed successfully
2025-09-16 17:19:06 INFO  utils.LogUtil - Extent Report initialized: D:\JG_PROJ\orange_hrm\reports\ExecutionReport_20250916_171905.html
2025-09-16 17:19:11 INFO  utils.LogUtil - Browser launched: chrome
2025-09-16 17:19:11 INFO  utils.LogUtil - URL launched: https://opensource-demo.orangehrmlive.com/web/index.php/auth/login
2025-09-16 17:19:11 INFO  utils.LogUtil - WebDriver initialized in BasePage
2025-09-16 17:19:11 INFO  utils.LogUtil - LoginPage initialized
2025-09-16 17:19:12 INFO  utils.LogUtil - Typed 'admin' into: By.name: username
2025-09-16 17:19:22 ERROR utils.LogUtil - FAILED: invalidLogin
org.openqa.selenium.TimeoutException: Expected condition failed: waiting for visibility of element located by By.name: passwor (tried for 10 second(s) with 500 milliseconds interval)
Build info: version: '4.33.0', revision: '2c6aaad03a'
System info: os.name: 'Windows 11', os.arch: 'amd64', os.version: '10.0', java.version: '17.0.5'
Driver info: org.openqa.selenium.chrome.ChromeDriver
Capabilities {acceptInsecureCerts: false, browserName: chrome, browserVersion: 140.0.7339.81, chrome: {chromedriverVersion: 140.0.7339.82 (bc93617e21c3..., userDataDir: C:\Users\12382\AppData\Loca...}, fedcm:accounts: true, goog:chromeOptions: {debuggerAddress: localhost:56250}, networkConnectionEnabled: false, pageLoadStrategy: normal, platformName: windows, proxy: Proxy(), se:cdp: ws://localhost:56250/devtoo..., se:cdpVersion: 140.0.7339.81, setWindowRect: true, strictFileInteractability: false, timeouts: {implicit: 0, pageLoad: 300000, script: 30000}, unhandledPromptBehavior: dismiss and notify, webauthn:extension:credBlob: true, webauthn:extension:largeBlob: true, webauthn:extension:minPinLength: true, webauthn:extension:prf: true, webauthn:virtualAuthenticators: true}
Session ID: 1f7da941c2642c9fa03e1e68985bf926
	at org.openqa.selenium.support.ui.WebDriverWait.timeoutException(WebDriverWait.java:84) ~[selenium-support-4.33.0.jar:?]
	at org.openqa.selenium.support.ui.FluentWait.until(FluentWait.java:228) ~[selenium-support-4.33.0.jar:?]
	at com.orangehrm.pages.BasePage.type(BasePage.java:55) ~[classes/:?]
	at com.orangehrm.pages.LoginPage.enterPassword(LoginPage.java:27) ~[classes/:?]
	at org.orangehrm.tests.LoginTest.invalidLogin(LoginTest.java:50) ~[test-classes/:?]
	at java.base/jdk.internal.reflect.NativeMethodAccessorImpl.invoke0(Native Method) ~[?:?]
	at java.base/jdk.internal.reflect.NativeMethodAccessorImpl.invoke(NativeMethodAccessorImpl.java:77) ~[?:?]
	at java.base/jdk.internal.reflect.DelegatingMethodAccessorImpl.invoke(DelegatingMethodAccessorImpl.java:43) ~[?:?]
	at java.base/java.lang.reflect.Method.invoke(Method.java:568) ~[?:?]
	at org.testng.internal.invokers.MethodInvocationHelper.invokeMethod(MethodInvocationHelper.java:141) ~[testng-7.10.2.jar:7.10.2]
	at org.testng.internal.invokers.TestInvoker.invokeMethod(TestInvoker.java:686) ~[testng-7.10.2.jar:7.10.2]
	at org.testng.internal.invokers.TestInvoker.invokeTestMethod(TestInvoker.java:230) ~[testng-7.10.2.jar:7.10.2]
	at org.testng.internal.invokers.MethodRunner.runInSequence(MethodRunner.java:63) ~[testng-7.10.2.jar:7.10.2]
	at org.testng.internal.invokers.TestInvoker$MethodInvocationAgent.invoke(TestInvoker.java:992) ~[testng-7.10.2.jar:7.10.2]
	at org.testng.internal.invokers.TestInvoker.invokeTestMethods(TestInvoker.java:203) ~[testng-7.10.2.jar:7.10.2]
	at org.testng.internal.invokers.TestMethodWorker.invokeTestMethods(TestMethodWorker.java:154) ~[testng-7.10.2.jar:7.10.2]
	at org.testng.internal.invokers.TestMethodWorker.run(TestMethodWorker.java:134) ~[testng-7.10.2.jar:7.10.2]
	at java.base/java.util.ArrayList.forEach(ArrayList.java:1511) [?:?]
	at org.testng.TestRunner.privateRun(TestRunner.java:739) [testng-7.10.2.jar:7.10.2]
	at org.testng.TestRunner.run(TestRunner.java:614) [testng-7.10.2.jar:7.10.2]
	at org.testng.SuiteRunner.runTest(SuiteRunner.java:421) [testng-7.10.2.jar:7.10.2]
	at org.testng.SuiteRunner.runSequentially(SuiteRunner.java:413) [testng-7.10.2.jar:7.10.2]
	at org.testng.SuiteRunner.privateRun(SuiteRunner.java:373) [testng-7.10.2.jar:7.10.2]
	at org.testng.SuiteRunner.run(SuiteRunner.java:312) [testng-7.10.2.jar:7.10.2]
	at org.testng.SuiteRunnerWorker.runSuite(SuiteRunnerWorker.java:52) [testng-7.10.2.jar:7.10.2]
	at org.testng.SuiteRunnerWorker.run(SuiteRunnerWorker.java:95) [testng-7.10.2.jar:7.10.2]
	at org.testng.TestNG.runSuitesSequentially(TestNG.java:1274) [testng-7.10.2.jar:7.10.2]
	at org.testng.TestNG.runSuitesLocally(TestNG.java:1208) [testng-7.10.2.jar:7.10.2]
	at org.testng.TestNG.runSuites(TestNG.java:1112) [testng-7.10.2.jar:7.10.2]
	at org.testng.TestNG.run(TestNG.java:1079) [testng-7.10.2.jar:7.10.2]
	at com.intellij.rt.testng.IDEARemoteTestNG.run(IDEARemoteTestNG.java:65) [testng-rt.jar:?]
	at com.intellij.rt.testng.RemoteTestNGStarter.main(RemoteTestNGStarter.java:105) [testng-rt.jar:?]
2025-09-16 17:19:23 INFO  utils.LogUtil - Browser closed for test: invalidLogin
2025-09-16 17:19:23 INFO  utils.LogUtil - Extent Report flushed successfully
2025-09-16 17:41:39 INFO  utils.LogUtil - Extent Report initialized: D:\JG_PROJ\orange_hrm\reports\ExecutionReport_20250916_174138.html
2025-09-16 17:41:45 INFO  utils.LogUtil - Browser launched: chrome
2025-09-16 17:41:45 INFO  utils.LogUtil - URL launched: https://opensource-demo.orangehrmlive.com/web/index.php/auth/login
2025-09-16 17:41:45 INFO  utils.LogUtil - WebDriver initialized in BasePage
2025-09-16 17:41:45 INFO  utils.LogUtil - LoginPage initialized
2025-09-16 17:41:46 INFO  utils.LogUtil - Typed 'admin' into: By.name: username
2025-09-16 17:41:46 INFO  utils.LogUtil - Typed 'admin' into: By.name: password
2025-09-16 17:41:46 INFO  utils.LogUtil - Clicked element: By.xpath: //button[@type='submit']
2025-09-16 17:41:48 INFO  utils.LogUtil - Expected URL: https://opensource-demo.orangehrmlive.com/web/index.php/auth/login | Actual URL: https://opensource-demo.orangehrmlive.com/web/index.php/auth/login
2025-09-16 17:41:48 INFO  utils.LogUtil - PASSED: invalidLogin
2025-09-16 17:41:48 INFO  utils.LogUtil - Browser closed for test: invalidLogin
2025-09-16 17:41:48 INFO  utils.LogUtil - Extent Report flushed successfully
2025-09-16 17:42:45 INFO  utils.LogUtil - Extent Report initialized: D:\JG_PROJ\orange_hrm\reports\ExecutionReport_20250916_174244.html
2025-09-16 17:42:50 INFO  utils.LogUtil - Browser launched: chrome
2025-09-16 17:42:50 INFO  utils.LogUtil - URL launched: https://opensource-demo.orangehrmlive.com/web/index.php/auth/login
2025-09-16 17:42:51 INFO  utils.LogUtil - WebDriver initialized in BasePage
2025-09-16 17:42:51 INFO  utils.LogUtil - LoginPage initialized
2025-09-16 17:42:51 INFO  utils.LogUtil - Typed 'admin' into: By.name: username
2025-09-16 17:43:02 ERROR utils.LogUtil - FAILED: invalidLogin
org.openqa.selenium.TimeoutException: Expected condition failed: waiting for visibility of element located by By.name: passwor (tried for 10 second(s) with 500 milliseconds interval)
Build info: version: '4.33.0', revision: '2c6aaad03a'
System info: os.name: 'Windows 11', os.arch: 'amd64', os.version: '10.0', java.version: '17.0.5'
Driver info: org.openqa.selenium.chrome.ChromeDriver
Capabilities {acceptInsecureCerts: false, browserName: chrome, browserVersion: 140.0.7339.81, chrome: {chromedriverVersion: 140.0.7339.82 (bc93617e21c3..., userDataDir: C:\Users\12382\AppData\Loca...}, fedcm:accounts: true, goog:chromeOptions: {debuggerAddress: localhost:56227}, networkConnectionEnabled: false, pageLoadStrategy: normal, platformName: windows, proxy: Proxy(), se:cdp: ws://localhost:56227/devtoo..., se:cdpVersion: 140.0.7339.81, setWindowRect: true, strictFileInteractability: false, timeouts: {implicit: 0, pageLoad: 300000, script: 30000}, unhandledPromptBehavior: dismiss and notify, webauthn:extension:credBlob: true, webauthn:extension:largeBlob: true, webauthn:extension:minPinLength: true, webauthn:extension:prf: true, webauthn:virtualAuthenticators: true}
Session ID: 3d321647fe00c7c38d91e982d6bc3b85
	at org.openqa.selenium.support.ui.WebDriverWait.timeoutException(WebDriverWait.java:84) ~[selenium-support-4.33.0.jar:?]
	at org.openqa.selenium.support.ui.FluentWait.until(FluentWait.java:228) ~[selenium-support-4.33.0.jar:?]
	at com.orangehrm.pages.BasePage.type(BasePage.java:55) ~[classes/:?]
	at com.orangehrm.pages.LoginPage.enterPassword(LoginPage.java:27) ~[classes/:?]
	at org.orangehrm.tests.LoginTest.invalidLogin(LoginTest.java:50) ~[test-classes/:?]
	at java.base/jdk.internal.reflect.NativeMethodAccessorImpl.invoke0(Native Method) ~[?:?]
	at java.base/jdk.internal.reflect.NativeMethodAccessorImpl.invoke(NativeMethodAccessorImpl.java:77) ~[?:?]
	at java.base/jdk.internal.reflect.DelegatingMethodAccessorImpl.invoke(DelegatingMethodAccessorImpl.java:43) ~[?:?]
	at java.base/java.lang.reflect.Method.invoke(Method.java:568) ~[?:?]
	at org.testng.internal.invokers.MethodInvocationHelper.invokeMethod(MethodInvocationHelper.java:141) ~[testng-7.10.2.jar:7.10.2]
	at org.testng.internal.invokers.TestInvoker.invokeMethod(TestInvoker.java:686) ~[testng-7.10.2.jar:7.10.2]
	at org.testng.internal.invokers.TestInvoker.invokeTestMethod(TestInvoker.java:230) ~[testng-7.10.2.jar:7.10.2]
	at org.testng.internal.invokers.MethodRunner.runInSequence(MethodRunner.java:63) ~[testng-7.10.2.jar:7.10.2]
	at org.testng.internal.invokers.TestInvoker$MethodInvocationAgent.invoke(TestInvoker.java:992) ~[testng-7.10.2.jar:7.10.2]
	at org.testng.internal.invokers.TestInvoker.invokeTestMethods(TestInvoker.java:203) ~[testng-7.10.2.jar:7.10.2]
	at org.testng.internal.invokers.TestMethodWorker.invokeTestMethods(TestMethodWorker.java:154) ~[testng-7.10.2.jar:7.10.2]
	at org.testng.internal.invokers.TestMethodWorker.run(TestMethodWorker.java:134) ~[testng-7.10.2.jar:7.10.2]
	at java.base/java.util.ArrayList.forEach(ArrayList.java:1511) [?:?]
	at org.testng.TestRunner.privateRun(TestRunner.java:739) [testng-7.10.2.jar:7.10.2]
	at org.testng.TestRunner.run(TestRunner.java:614) [testng-7.10.2.jar:7.10.2]
	at org.testng.SuiteRunner.runTest(SuiteRunner.java:421) [testng-7.10.2.jar:7.10.2]
	at org.testng.SuiteRunner.runSequentially(SuiteRunner.java:413) [testng-7.10.2.jar:7.10.2]
	at org.testng.SuiteRunner.privateRun(SuiteRunner.java:373) [testng-7.10.2.jar:7.10.2]
	at org.testng.SuiteRunner.run(SuiteRunner.java:312) [testng-7.10.2.jar:7.10.2]
	at org.testng.SuiteRunnerWorker.runSuite(SuiteRunnerWorker.java:52) [testng-7.10.2.jar:7.10.2]
	at org.testng.SuiteRunnerWorker.run(SuiteRunnerWorker.java:95) [testng-7.10.2.jar:7.10.2]
	at org.testng.TestNG.runSuitesSequentially(TestNG.java:1274) [testng-7.10.2.jar:7.10.2]
	at org.testng.TestNG.runSuitesLocally(TestNG.java:1208) [testng-7.10.2.jar:7.10.2]
	at org.testng.TestNG.runSuites(TestNG.java:1112) [testng-7.10.2.jar:7.10.2]
	at org.testng.TestNG.run(TestNG.java:1079) [testng-7.10.2.jar:7.10.2]
	at com.intellij.rt.testng.IDEARemoteTestNG.run(IDEARemoteTestNG.java:65) [testng-rt.jar:?]
	at com.intellij.rt.testng.RemoteTestNGStarter.main(RemoteTestNGStarter.java:105) [testng-rt.jar:?]
2025-09-16 17:43:02 INFO  utils.LogUtil - Browser closed for test: invalidLogin
2025-09-16 17:43:02 INFO  utils.LogUtil - Extent Report flushed successfully
